mode: set
github.com/kubermatic/zevenet-controller/pkg/controller/service/service_controller.go:45.37,47.2 1 0
github.com/kubermatic/zevenet-controller/pkg/controller/service/service_controller.go:57.62,59.2 1 1
github.com/kubermatic/zevenet-controller/pkg/controller/service/service_controller.go:62.61,65.16 2 1
github.com/kubermatic/zevenet-controller/pkg/controller/service/service_controller.go:70.2,71.16 2 1
github.com/kubermatic/zevenet-controller/pkg/controller/service/service_controller.go:75.2,76.49 1 1
github.com/kubermatic/zevenet-controller/pkg/controller/service/service_controller.go:95.2,96.46 1 1
github.com/kubermatic/zevenet-controller/pkg/controller/service/service_controller.go:117.2,120.16 1 1
github.com/kubermatic/zevenet-controller/pkg/controller/service/service_controller.go:124.2,124.12 1 1
github.com/kubermatic/zevenet-controller/pkg/controller/service/service_controller.go:65.16,67.3 1 0
github.com/kubermatic/zevenet-controller/pkg/controller/service/service_controller.go:71.16,73.3 1 0
github.com/kubermatic/zevenet-controller/pkg/controller/service/service_controller.go:76.49,78.105 2 0
github.com/kubermatic/zevenet-controller/pkg/controller/service/service_controller.go:82.4,83.46 2 0
github.com/kubermatic/zevenet-controller/pkg/controller/service/service_controller.go:93.4,93.28 1 0
github.com/kubermatic/zevenet-controller/pkg/controller/service/service_controller.go:78.105,81.5 2 0
github.com/kubermatic/zevenet-controller/pkg/controller/service/service_controller.go:83.46,84.60 1 0
github.com/kubermatic/zevenet-controller/pkg/controller/service/service_controller.go:87.5,91.7 1 0
github.com/kubermatic/zevenet-controller/pkg/controller/service/service_controller.go:84.60,85.14 1 0
github.com/kubermatic/zevenet-controller/pkg/controller/service/service_controller.go:96.46,96.61 1 0
github.com/kubermatic/zevenet-controller/pkg/controller/service/service_controller.go:97.46,100.72 3 0
github.com/kubermatic/zevenet-controller/pkg/controller/service/service_controller.go:103.4,103.63 1 0
github.com/kubermatic/zevenet-controller/pkg/controller/service/service_controller.go:113.4,113.16 1 0
github.com/kubermatic/zevenet-controller/pkg/controller/service/service_controller.go:100.72,102.5 1 0
github.com/kubermatic/zevenet-controller/pkg/controller/service/service_controller.go:103.63,104.64 1 0
github.com/kubermatic/zevenet-controller/pkg/controller/service/service_controller.go:109.5,109.16 1 0
github.com/kubermatic/zevenet-controller/pkg/controller/service/service_controller.go:104.64,105.110 1 0
github.com/kubermatic/zevenet-controller/pkg/controller/service/service_controller.go:105.110,106.15 1 0
github.com/kubermatic/zevenet-controller/pkg/controller/service/service_controller.go:115.46,115.61 1 0
github.com/kubermatic/zevenet-controller/pkg/controller/service/service_controller.go:120.16,122.3 1 0
github.com/kubermatic/zevenet-controller/pkg/controller/service/service_controller.go:137.91,144.16 5 0
github.com/kubermatic/zevenet-controller/pkg/controller/service/service_controller.go:153.2,154.16 2 0
github.com/kubermatic/zevenet-controller/pkg/controller/service/service_controller.go:157.2,157.20 1 0
github.com/kubermatic/zevenet-controller/pkg/controller/service/service_controller.go:144.16,145.29 1 0
github.com/kubermatic/zevenet-controller/pkg/controller/service/service_controller.go:151.3,151.33 1 0
github.com/kubermatic/zevenet-controller/pkg/controller/service/service_controller.go:145.29,149.4 1 0
github.com/kubermatic/zevenet-controller/pkg/controller/service/service_controller.go:154.16,156.3 1 0
github.com/kubermatic/zevenet-controller/pkg/controller/service/service_controller.go:161.116,162.57 1 0
github.com/kubermatic/zevenet-controller/pkg/controller/service/service_controller.go:167.2,172.38 5 0
github.com/kubermatic/zevenet-controller/pkg/controller/service/service_controller.go:198.2,198.39 1 0
github.com/kubermatic/zevenet-controller/pkg/controller/service/service_controller.go:205.2,205.34 1 0
github.com/kubermatic/zevenet-controller/pkg/controller/service/service_controller.go:209.2,209.66 1 0
github.com/kubermatic/zevenet-controller/pkg/controller/service/service_controller.go:215.2,215.62 1 0
github.com/kubermatic/zevenet-controller/pkg/controller/service/service_controller.go:220.2,220.89 1 0
github.com/kubermatic/zevenet-controller/pkg/controller/service/service_controller.go:225.2,227.68 2 0
github.com/kubermatic/zevenet-controller/pkg/controller/service/service_controller.go:231.2,232.38 2 0
github.com/kubermatic/zevenet-controller/pkg/controller/service/service_controller.go:245.2,245.77 1 0
github.com/kubermatic/zevenet-controller/pkg/controller/service/service_controller.go:250.2,251.68 2 0
github.com/kubermatic/zevenet-controller/pkg/controller/service/service_controller.go:257.2,257.32 1 0
github.com/kubermatic/zevenet-controller/pkg/controller/service/service_controller.go:162.57,165.3 2 0
github.com/kubermatic/zevenet-controller/pkg/controller/service/service_controller.go:172.38,174.17 2 0
github.com/kubermatic/zevenet-controller/pkg/controller/service/service_controller.go:181.3,182.17 2 0
github.com/kubermatic/zevenet-controller/pkg/controller/service/service_controller.go:188.3,189.41 2 0
github.com/kubermatic/zevenet-controller/pkg/controller/service/service_controller.go:195.3,195.33 1 0
github.com/kubermatic/zevenet-controller/pkg/controller/service/service_controller.go:174.17,176.18 2 0
github.com/kubermatic/zevenet-controller/pkg/controller/service/service_controller.go:176.18,178.5 1 0
github.com/kubermatic/zevenet-controller/pkg/controller/service/service_controller.go:182.17,184.18 2 0
github.com/kubermatic/zevenet-controller/pkg/controller/service/service_controller.go:184.18,186.5 1 0
github.com/kubermatic/zevenet-controller/pkg/controller/service/service_controller.go:189.41,191.70 2 0
github.com/kubermatic/zevenet-controller/pkg/controller/service/service_controller.go:191.70,191.110 1 0
github.com/kubermatic/zevenet-controller/pkg/controller/service/service_controller.go:191.124,193.5 1 0
github.com/kubermatic/zevenet-controller/pkg/controller/service/service_controller.go:198.39,201.3 2 0
github.com/kubermatic/zevenet-controller/pkg/controller/service/service_controller.go:205.34,207.3 1 0
github.com/kubermatic/zevenet-controller/pkg/controller/service/service_controller.go:209.66,210.69 1 0
github.com/kubermatic/zevenet-controller/pkg/controller/service/service_controller.go:210.69,210.134 1 0
github.com/kubermatic/zevenet-controller/pkg/controller/service/service_controller.go:210.148,212.4 1 0
github.com/kubermatic/zevenet-controller/pkg/controller/service/service_controller.go:215.62,218.3 2 0
github.com/kubermatic/zevenet-controller/pkg/controller/service/service_controller.go:220.89,223.3 2 0
github.com/kubermatic/zevenet-controller/pkg/controller/service/service_controller.go:227.68,229.3 1 0
github.com/kubermatic/zevenet-controller/pkg/controller/service/service_controller.go:232.38,233.25 1 0
github.com/kubermatic/zevenet-controller/pkg/controller/service/service_controller.go:236.3,236.53 1 0
github.com/kubermatic/zevenet-controller/pkg/controller/service/service_controller.go:233.25,234.12 1 0
github.com/kubermatic/zevenet-controller/pkg/controller/service/service_controller.go:236.53,237.94 1 0
github.com/kubermatic/zevenet-controller/pkg/controller/service/service_controller.go:237.94,242.5 1 0
github.com/kubermatic/zevenet-controller/pkg/controller/service/service_controller.go:245.77,248.3 2 0
github.com/kubermatic/zevenet-controller/pkg/controller/service/service_controller.go:251.68,253.3 1 0
github.com/kubermatic/zevenet-controller/pkg/controller/service/service_controller.go:253.17,255.3 1 0
github.com/kubermatic/zevenet-controller/pkg/controller/service/service_controller.go:260.41,261.51 1 0
github.com/kubermatic/zevenet-controller/pkg/controller/service/service_controller.go:266.2,266.14 1 0
github.com/kubermatic/zevenet-controller/pkg/controller/service/service_controller.go:261.51,262.85 1 0
github.com/kubermatic/zevenet-controller/pkg/controller/service/service_controller.go:262.85,264.4 1 0
github.com/kubermatic/zevenet-controller/pkg/controller/service/service_controller.go:269.100,275.16 2 0
github.com/kubermatic/zevenet-controller/pkg/controller/service/service_controller.go:278.2,280.115 2 0
github.com/kubermatic/zevenet-controller/pkg/controller/service/service_controller.go:287.2,287.17 1 0
github.com/kubermatic/zevenet-controller/pkg/controller/service/service_controller.go:294.2,295.16 2 0
github.com/kubermatic/zevenet-controller/pkg/controller/service/service_controller.go:298.2,300.12 2 0
github.com/kubermatic/zevenet-controller/pkg/controller/service/service_controller.go:275.16,277.3 1 0
github.com/kubermatic/zevenet-controller/pkg/controller/service/service_controller.go:280.115,282.3 1 0
github.com/kubermatic/zevenet-controller/pkg/controller/service/service_controller.go:287.17,288.64 1 0
github.com/kubermatic/zevenet-controller/pkg/controller/service/service_controller.go:291.3,291.102 1 0
github.com/kubermatic/zevenet-controller/pkg/controller/service/service_controller.go:288.64,290.4 1 0
github.com/kubermatic/zevenet-controller/pkg/controller/service/service_controller.go:295.16,297.3 1 0
github.com/kubermatic/zevenet-controller/pkg/controller/service/service_controller.go:303.133,305.16 2 0
github.com/kubermatic/zevenet-controller/pkg/controller/service/service_controller.go:309.2,310.48 2 0
github.com/kubermatic/zevenet-controller/pkg/controller/service/service_controller.go:316.2,316.49 1 0
github.com/kubermatic/zevenet-controller/pkg/controller/service/service_controller.go:322.2,322.51 1 0
github.com/kubermatic/zevenet-controller/pkg/controller/service/service_controller.go:329.2,329.51 1 0
github.com/kubermatic/zevenet-controller/pkg/controller/service/service_controller.go:336.2,336.12 1 0
github.com/kubermatic/zevenet-controller/pkg/controller/service/service_controller.go:305.16,307.3 1 0
github.com/kubermatic/zevenet-controller/pkg/controller/service/service_controller.go:310.48,311.65 1 0
github.com/kubermatic/zevenet-controller/pkg/controller/service/service_controller.go:311.65,313.4 1 0
github.com/kubermatic/zevenet-controller/pkg/controller/service/service_controller.go:316.49,317.62 1 0
github.com/kubermatic/zevenet-controller/pkg/controller/service/service_controller.go:317.62,319.4 1 0
github.com/kubermatic/zevenet-controller/pkg/controller/service/service_controller.go:322.51,323.123 1 0
github.com/kubermatic/zevenet-controller/pkg/controller/service/service_controller.go:326.3,326.132 1 0
github.com/kubermatic/zevenet-controller/pkg/controller/service/service_controller.go:323.123,325.4 1 0
github.com/kubermatic/zevenet-controller/pkg/controller/service/service_controller.go:329.51,330.94 1 0
github.com/kubermatic/zevenet-controller/pkg/controller/service/service_controller.go:333.3,333.132 1 0
github.com/kubermatic/zevenet-controller/pkg/controller/service/service_controller.go:330.94,332.4 1 0
github.com/kubermatic/zevenet-controller/pkg/controller/service/service_controller.go:339.105,341.46 1 0
github.com/kubermatic/zevenet-controller/pkg/controller/service/service_controller.go:349.2,349.14 1 0
github.com/kubermatic/zevenet-controller/pkg/controller/service/service_controller.go:341.46,344.93 1 0
github.com/kubermatic/zevenet-controller/pkg/controller/service/service_controller.go:344.93,346.4 1 0
github.com/kubermatic/zevenet-controller/pkg/controller/service/service_controller.go:352.86,358.16 2 0
github.com/kubermatic/zevenet-controller/pkg/controller/service/service_controller.go:361.2,361.77 1 0
github.com/kubermatic/zevenet-controller/pkg/controller/service/service_controller.go:369.2,369.93 1 0
github.com/kubermatic/zevenet-controller/pkg/controller/service/service_controller.go:376.2,376.12 1 0
github.com/kubermatic/zevenet-controller/pkg/controller/service/service_controller.go:358.16,360.3 1 0
github.com/kubermatic/zevenet-controller/pkg/controller/service/service_controller.go:361.77,363.17 2 0
github.com/kubermatic/zevenet-controller/pkg/controller/service/service_controller.go:366.3,366.115 1 0
github.com/kubermatic/zevenet-controller/pkg/controller/service/service_controller.go:363.17,365.4 1 0
github.com/kubermatic/zevenet-controller/pkg/controller/service/service_controller.go:369.93,371.17 2 0
github.com/kubermatic/zevenet-controller/pkg/controller/service/service_controller.go:374.3,374.115 1 0
github.com/kubermatic/zevenet-controller/pkg/controller/service/service_controller.go:371.17,373.4 1 0
github.com/kubermatic/zevenet-controller/pkg/controller/service/service_controller.go:379.128,384.66 3 0
github.com/kubermatic/zevenet-controller/pkg/controller/service/service_controller.go:384.66,385.101 1 0
github.com/kubermatic/zevenet-controller/pkg/controller/service/service_controller.go:388.3,389.48 2 0
github.com/kubermatic/zevenet-controller/pkg/controller/service/service_controller.go:392.3,392.41 1 0
github.com/kubermatic/zevenet-controller/pkg/controller/service/service_controller.go:385.101,387.4 1 0
github.com/kubermatic/zevenet-controller/pkg/controller/service/service_controller.go:389.48,391.4 1 0
